#
# A fatal error has been detected by the Java Runtime Environment:
#
#  EXCEPTION_ACCESS_VIOLATION (0xc0000005) at pc=0x00007ffc5cab0ba0, pid=1184, tid=18732
#
# JRE version:  (17.0.6+10) (build )
# Java VM: OpenJDK 64-Bit Server VM (17.0.6+10-LTS, mixed mode, sharing, tiered, unknown gc, windows-amd64)
# Problematic frame:
# V  [jvm.dll+0x220ba0]
#
# No core dump will be written. Minidumps are not enabled by default on client versions of Windows
#
#

---------------  S U M M A R Y ------------

Command Line: -XX:+ShowCodeDetailsInExceptionMessages UniversityExample

Host: 11th Gen Intel(R) Core(TM) i5-1135G7 @ 2.40GHz, 8 cores, 7G,  Windows 11 , 64 bit Build 22621 (10.0.22621.1344)
Time: Tue Mar 21 21:28:48 2023 Pacific Daylight Time elapsed time: 0.011489 seconds (0d 0h 0m 0s)

---------------  T H R E A D  ---------------

Current thread is native thread

Stack: [0x00000015d7c00000,0x00000015d7d00000],  sp=0x00000015d7cfeb68,  free space=1018k
Native frames: (J=compiled Java code, j=interpreted, Vv=VM code, C=native code)
V  [jvm.dll+0x220ba0]
V  [jvm.dll+0xbf219]
V  [jvm.dll+0xc157c]
V  [jvm.dll+0x7b275c]
V  [jvm.dll+0x3d16c3]
V  [jvm.dll+0x3d30c1]
C  [jli.dll+0x519f]
C  [ucrtbase.dll+0x29363]
C  [KERNEL32.DLL+0x126bd]
C  [ntdll.dll+0x5a9f8]


siginfo: EXCEPTION_ACCESS_VIOLATION (0xc0000005), reading address 0xffffffff92699368


Registers:
RAX=0x000000000000000f, RBX=0x0000000000000000, RCX=0x0000000000000e70, RDX=0x0000000000000000
RSP=0x00000015d7cfeb68, RBP=0x00000015d7cff0d0, RSI=0x00007ffc5d16c790, RDI=0x0000000000000000
R8 =0x0000000000000003, R9 =0x00000015d7cfeb18, R10=0x0000000000000014, R11=0x00000015d7cfea70
R12=0xffffffffffffffff, R13=0x0000000000000000, R14=0x0000000000000001, R15=0x00000015d7cff0d8
RIP=0x00007ffc5cab0ba0, EFLAGS=0x0000000000010293

Top of Stack: (sp=0x00000015d7cfeb68)
0x00000015d7cfeb68:   00007ffc5c94f219 0000000000000000
0x00000015d7cfeb78:   0000000000000000 00007ffc5d16e670
0x00000015d7cfeb88:   000001e9cd8ded80 00007ffc5d16c790
0x00000015d7cfeb98:   00007ffc5d16c790 0000000000000012
0x00000015d7cfeba8:   00007ffd145b1b06 72676f72505c3a43
0x00000015d7cfebb8:   73656c6946206d61 206e6f7a616d415c
0x00000015d7cfebc8:   6f74746572726f43 302e37316b646a5c
0x00000015d7cfebd8:   696c5c30315f362e 7372007478655c62
0x00000015d7cfebe8:   0000000000006465 0000000000000000
0x00000015d7cfebf8:   0000000000000000 000001e9cd8f8260
0x00000015d7cfec08:   00007ffc5cecdd49 000001e9cd8f867f
0x00000015d7cfec18:   00007ffc0000001d 0000000000000000
0x00000015d7cfec28:   000001e9cd8e3d60 000001e9cd8f80c0
0x00000015d7cfec38:   00007ffc5cecdd49 0000000000000001
0x00000015d7cfec48:   00007ffc5c947683 0000000000000000
0x00000015d7cfec58:   0000000000000012 000001e9cd8f8690 

Instructions: (pc=0x00007ffc5cab0ba0)
0x00007ffc5cab0aa0:   6f 9b 70 98 71 95 72 93 72 92 74 91 74 91 73 90
0x00007ffc5cab0ab0:   73 91 74 91 75 8f 76 8e 75 8e 75 8e 75 8e 76 8e
0x00007ffc5cab0ac0:   76 8d 75 8e 75 8d 76 8d 75 8e 75 8e 74 8e 74 8e
0x00007ffc5cab0ad0:   73 8e 73 8f 72 8f 72 90 72 91 71 91 6f 92 6e 93
0x00007ffc5cab0ae0:   6d 93 6c 93 6b 94 6c 94 6b 94 6b 94 6b 93 6b 93
0x00007ffc5cab0af0:   6c 93 6b 94 6b 93 6b 93 6b 93 6c 93 6c 93 6c 93
0x00007ffc5cab0b00:   6c 93 6c 92 6c 92 6c 93 6b 93 6b 93 6b 93 6b 92
0x00007ffc5cab0b10:   6b 92 6c 92 6c 92 6c 92 6c 92 6c 92 6c 92 6c 92
0x00007ffc5cab0b20:   6c 92 6c 92 6c 91 6c 91 6c 92 6d 92 6c 91 6c 91
0x00007ffc5cab0b30:   6c 91 6c 91 6c 91 6c 91 6c 91 6c 91 6d 91 6c 90
0x00007ffc5cab0b40:   6c 91 6c 91 6c 90 6c 90 6c 90 6c 90 6d 90 6d 90
0x00007ffc5cab0b50:   6f 8f 70 8e 6f 8e 70 8e 70 8e 70 8e 6f 8e 6f 8e
0x00007ffc5cab0b60:   70 8e 70 8e 6e 8e 6f 8e 6f 8e 6e 8e 6e 8e 6e 8e
0x00007ffc5cab0b70:   6d 8e 6e 8e 6d 8e 6d 8e 6d 8e 6d 8e 6d 8e 6d 8e
0x00007ffc5cab0b80:   6a 92 6a 91 69 91 69 91 69 91 69 91 69 91 69 91
0x00007ffc5cab0b90:   69 92 69 92 69 92 6a 92 6a 92 69 93 69 93 69 92
0x00007ffc5cab0ba0:   69 92 68 93 69 92 69 92 69 92 69 92 69 92 69 92
0x00007ffc5cab0bb0:   68 93 68 93 69 93 69 93 69 94 69 93 68 94 69 93
0x00007ffc5cab0bc0:   69 93 69 93 69 93 69 93 69 94 69 94 69 94 69 95
0x00007ffc5cab0bd0:   69 94 69 94 6a 94 69 94 69 94 69 94 69 95 69 94
0x00007ffc5cab0be0:   69 94 69 94 69 94 69 94 69 94 69 94 69 94 69 94
0x00007ffc5cab0bf0:   69 95 69 95 69 95 69 95 69 95 69 95 69 95 69 95
0x00007ffc5cab0c00:   69 95 69 95 69 95 68 95 69 95 68 96 68 96 68 96
0x00007ffc5cab0c10:   69 96 69 96 69 96 69 96 69 96 69 96 69 96 69 96
0x00007ffc5cab0c20:   68 96 68 96 68 97 68 97 68 97 68 97 68 97 68 97
0x00007ffc5cab0c30:   68 97 68 97 68 97 68 97 68 97 69 97 69 97 68 97
0x00007ffc5cab0c40:   68 98 68 97 6e 94 74 8e 75 8e 76 8d 76 8d 76 8e
0x00007ffc5cab0c50:   75 8f 75 8f 75 92 76 95 74 96 72 9b 70 99 71 96
0x00007ffc5cab0c60:   73 95 74 95 74 95 75 95 75 95 74 95 73 95 74 9a
0x00007ffc5cab0c70:   74 9c 76 a1 74 a1 78 98 7a 95 75 a3 75 a4 75 a3
0x00007ffc5cab0c80:   74 a2 75 9e 76 9c 75 98 75 93 75 90 75 90 75 8f
0x00007ffc5cab0c90:   75 90 75 91 75 91 75 92 75 92 75 92 75 92 74 92 



---------------  P R O C E S S  ---------------

VM state: not at safepoint (not fully initialized)

VM Mutex/Monitor currently owned by a thread: None

GC Precious Log:
<Not initialized>


Dynamic libraries:
0x00007ff603030000 - 0x00007ff60303d000 	C:\Program Files\Amazon Corretto\jdk17.0.6_10\bin\java.exe
0x00007ffd170f0000 - 0x00007ffd17304000 	C:\WINDOWS\SYSTEM32\ntdll.dll
0x00007ffd16210000 - 0x00007ffd162d3000 	C:\WINDOWS\System32\KERNEL32.DLL
0x00007ffd14a40000 - 0x00007ffd14ddc000 	C:\WINDOWS\System32\KERNELBASE.dll
0x00007ffd145a0000 - 0x00007ffd146b1000 	C:\WINDOWS\System32\ucrtbase.dll
0x00007ffcef850000 - 0x00007ffcef867000 	C:\Program Files\Amazon Corretto\jdk17.0.6_10\bin\jli.dll
0x00007ffceda50000 - 0x00007ffceda65000 	C:\Program Files\Amazon Corretto\jdk17.0.6_10\bin\VCRUNTIME140.dll
0x00007ffd15290000 - 0x00007ffd1543d000 	C:\WINDOWS\System32\USER32.dll
0x00007ffd146c0000 - 0x00007ffd146e6000 	C:\WINDOWS\System32\win32u.dll
0x00007ffd04800000 - 0x00007ffd04a8e000 	C:\WINDOWS\WinSxS\amd64_microsoft.windows.common-controls_6595b64144ccf1df_6.0.22621.608_none_a9444ca7c10bb01d\COMCTL32.dll
0x00007ffd16760000 - 0x00007ffd16807000 	C:\WINDOWS\System32\msvcrt.dll
0x00007ffd15830000 - 0x00007ffd15859000 	C:\WINDOWS\System32\GDI32.dll
0x00007ffd14de0000 - 0x00007ffd14ef3000 	C:\WINDOWS\System32\gdi32full.dll
0x00007ffd146f0000 - 0x00007ffd1478a000 	C:\WINDOWS\System32\msvcp_win.dll
0x00007ffd156f0000 - 0x00007ffd15721000 	C:\WINDOWS\System32\IMM32.DLL
0x00007ffcb21b0000 - 0x00007ffcb224b000 	C:\Program Files\Amazon Corretto\jdk17.0.6_10\bin\msvcp140.dll
0x00007ffc5c890000 - 0x00007ffc5d4a8000 	C:\Program Files\Amazon Corretto\jdk17.0.6_10\bin\server\jvm.dll
0x00007ffd15c00000 - 0x00007ffd15cae000 	C:\WINDOWS\System32\ADVAPI32.dll
0x00007ffd15490000 - 0x00007ffd15534000 	C:\WINDOWS\System32\sechost.dll
0x00007ffd155d0000 - 0x00007ffd156e5000 	C:\WINDOWS\System32\RPCRT4.dll
0x00007ffd09ed0000 - 0x00007ffd09ed9000 	C:\WINDOWS\SYSTEM32\WSOCK32.dll
0x00007ffd0cd70000 - 0x00007ffd0cd7a000 	C:\WINDOWS\SYSTEM32\VERSION.dll
0x00007ffd0b5e0000 - 0x00007ffd0b614000 	C:\WINDOWS\SYSTEM32\WINMM.dll
0x00007ffd162e0000 - 0x00007ffd16351000 	C:\WINDOWS\System32\WS2_32.dll
0x00007ffd13640000 - 0x00007ffd13658000 	C:\WINDOWS\SYSTEM32\kernel.appcore.dll
0x00007ffd013c0000 - 0x00007ffd013ca000 	C:\Program Files\Amazon Corretto\jdk17.0.6_10\bin\jimage.dll
0x00007ffd119e0000 - 0x00007ffd11c0e000 	C:\WINDOWS\SYSTEM32\DBGHELP.DLL
0x00007ffd14f00000 - 0x00007ffd15289000 	C:\WINDOWS\System32\combase.dll
0x00007ffd15b20000 - 0x00007ffd15bf7000 	C:\WINDOWS\System32\OLEAUT32.dll
0x00007ffd03560000 - 0x00007ffd03592000 	C:\WINDOWS\SYSTEM32\dbgcore.DLL
0x00007ffd149c0000 - 0x00007ffd14a3b000 	C:\WINDOWS\System32\bcryptPrimitives.dll

dbghelp: loaded successfully - version: 4.0.5 - missing functions: none
symbol engine: initialized successfully - sym options: 0x614 - pdb path: .;C:\Program Files\Amazon Corretto\jdk17.0.6_10\bin;C:\WINDOWS\SYSTEM32;C:\WINDOWS\WinSxS\amd64_microsoft.windows.common-controls_6595b64144ccf1df_6.0.22621.608_none_a9444ca7c10bb01d;C:\Program Files\Amazon Corretto\jdk17.0.6_10\bin\server

VM Arguments:
jvm_args: -XX:+ShowCodeDetailsInExceptionMessages 
java_command: UniversityExample
java_class_path (initial): C:\Users\lunay\AppData\Roaming\Code\User\workspaceStorage\31afe0678f3f755f1685e11973213c97\redhat.java\jdt_ws\s23-a6-university-model-Luna-Yumiki_4119e717\bin
Launcher Type: SUN_STANDARD

[Global flags]
     bool ShowCodeDetailsInExceptionMessages       = true                                   {manageable} {command line}
     bool UseLargePagesIndividualAllocation        = false                                  {pd product} {ergonomic}

Logging:
Log output configuration:
 #0: stdout all=warning uptime,level,tags
 #1: stderr all=off uptime,level,tags

Environment Variables:
JAVA_HOME=C:\Program Files\Amazon Corretto\jdk17.0.6_10
PATH=C:\Program Files\Google\Chrome\Application;C:\Program Files\Amazon Corretto\jdk17.0.6_10\bin;C:\Program Files\Common Files\Oracle\Java\javapath;C:\WINDOWS\system32;C:\WINDOWS;C:\WINDOWS\System32\Wbem;C:\WINDOWS\System32\WindowsPowerShell\v1.0\;C:\WINDOWS\System32\OpenSSH\;C:\Users\lunay\AppData\Roaming\Microsoft\Windows\Start Menu\Programs\Python 3.10;C:\Program Files\Git\cmd;C:\Program Files\nodejs\;C:\Program Files\MySQL\MySQL Shell 8.0\bin\;C:\Users\lunay\AppData\Local\Programs\Python\Python310\Scripts\;C:\Users\lunay\AppData\Local\Programs\Python\Python310\;C:\Users\lunay\AppData\Local\Microsoft\WindowsApps;C:\Users\lunay\AppData\Roaming\Microsoft\Windows\Start Menu\Programs\Python 3.10;C:\Program Files\JetBrains\PyCharm 2022.2.2\bin;;C:\Users\lunay\AppData\Local\Programs\Microsoft VS Code\bin;C:\Users\lunay\AppData\Roaming\npm;C:\Users\lunay\AppData\Local\GitHubDesktop\bin
USERNAME=lunay
LANG=en_US.UTF-8
OS=Windows_NT
PROCESSOR_IDENTIFIER=Intel64 Family 6 Model 140 Stepping 1, GenuineIntel
TMP=C:\Users\lunay\AppData\Local\Temp
TEMP=C:\Users\lunay\AppData\Local\Temp



---------------  S Y S T E M  ---------------

OS:
 Windows 11 , 64 bit Build 22621 (10.0.22621.1344)
OS uptime: 1 days 11:21 hours

CPU: total 8 (initial active 0) 

Memory: 4k page, system-wide physical 8026M (478M free)
TotalPageFile size 18055M (AvailPageFile size 3204M)
current process WorkingSet (physical memory assigned to process): 9M, peak: 9M
current process commit charge ("private bytes"): 3M, peak: 3M

vm_info: OpenJDK 64-Bit Server VM (17.0.6+10-LTS) for windows-amd64 JRE (17.0.6+10-LTS), built on Jan 13 2023 22:57:04 by "Administrator" with MS VC++ 15.9 (VS2017)

END.
